Determining if the pthread_create exist failed with the following output:
Change Dir: /home/karl/Coding/Cuda-Programming/scaffold-hw2-v2/build/CMakeFiles/CMakeTmp

Run Build Command:"/usr/bin/make" "cmTC_17543/fast"
/usr/bin/make -f CMakeFiles/cmTC_17543.dir/build.make CMakeFiles/cmTC_17543.dir/build
make[1]: 进入目录“/home/karl/Coding/Cuda-Programming/scaffold-hw2-v2/build/CMakeFiles/CMakeTmp”
Building C object CMakeFiles/cmTC_17543.dir/CheckSymbolExists.c.o
/usr/bin/gcc-4.8   -fPIC    -o CMakeFiles/cmTC_17543.dir/CheckSymbolExists.c.o   -c /home/karl/Coding/Cuda-Programming/scaffold-hw2-v2/build/CMakeFiles/CMakeTmp/CheckSymbolExists.c
Linking C executable cmTC_17543
/usr/bin/cmake -E cmake_link_script CMakeFiles/cmTC_17543.dir/link.txt --verbose=1
/usr/bin/gcc-4.8 -fPIC     -rdynamic CMakeFiles/cmTC_17543.dir/CheckSymbolExists.c.o  -o cmTC_17543 
CMakeFiles/cmTC_17543.dir/CheckSymbolExists.c.o：在函数‘main’中：
CheckSymbolExists.c:(.text+0x1b)：对‘pthread_create’未定义的引用
collect2: error: ld returned 1 exit status
CMakeFiles/cmTC_17543.dir/build.make:97: recipe for target 'cmTC_17543' failed
make[1]: *** [cmTC_17543] Error 1
make[1]: 离开目录“/home/karl/Coding/Cuda-Programming/scaffold-hw2-v2/build/CMakeFiles/CMakeTmp”
Makefile:126: recipe for target 'cmTC_17543/fast' failed
make: *** [cmTC_17543/fast] Error 2

File /home/karl/Coding/Cuda-Programming/scaffold-hw2-v2/build/CMakeFiles/CMakeTmp/CheckSymbolExists.c:
/* */
#include <pthread.h>

int main(int argc, char** argv)
{
  (void)argv;
#ifndef pthread_create
  return ((int*)(&pthread_create))[argc];
#else
  (void)argc;
  return 0;
#endif
}

Determining if the function pthread_create exists in the pthreads failed with the following output:
Change Dir: /home/karl/Coding/Cuda-Programming/scaffold-hw2-v2/build/CMakeFiles/CMakeTmp

Run Build Command:"/usr/bin/make" "cmTC_5a478/fast"
/usr/bin/make -f CMakeFiles/cmTC_5a478.dir/build.make CMakeFiles/cmTC_5a478.dir/build
make[1]: 进入目录“/home/karl/Coding/Cuda-Programming/scaffold-hw2-v2/build/CMakeFiles/CMakeTmp”
Building C object CMakeFiles/cmTC_5a478.dir/CheckFunctionExists.c.o
/usr/bin/gcc-4.8   -fPIC -DCHECK_FUNCTION_EXISTS=pthread_create   -o CMakeFiles/cmTC_5a478.dir/CheckFunctionExists.c.o   -c /usr/share/cmake-3.10/Modules/CheckFunctionExists.c
Linking C executable cmTC_5a478
/usr/bin/cmake -E cmake_link_script CMakeFiles/cmTC_5a478.dir/link.txt --verbose=1
/usr/bin/gcc-4.8 -fPIC -DCHECK_FUNCTION_EXISTS=pthread_create    -rdynamic CMakeFiles/cmTC_5a478.dir/CheckFunctionExists.c.o  -o cmTC_5a478 -lpthreads 
/usr/bin/ld: 找不到 -lpthreads
collect2: error: ld returned 1 exit status
CMakeFiles/cmTC_5a478.dir/build.make:97: recipe for target 'cmTC_5a478' failed
make[1]: *** [cmTC_5a478] Error 1
make[1]: 离开目录“/home/karl/Coding/Cuda-Programming/scaffold-hw2-v2/build/CMakeFiles/CMakeTmp”
Makefile:126: recipe for target 'cmTC_5a478/fast' failed
make: *** [cmTC_5a478/fast] Error 2


