Determining if the pthread_create exist failed with the following output:
Change Dir: /home/karl/Coding/Cuda-Programming/Experiments/Exp05-k-dClosestPoints/combinedParallel/build/CMakeFiles/CMakeTmp

Run Build Command:"/usr/bin/make" "cmTC_a2f1e/fast"
/usr/bin/make -f CMakeFiles/cmTC_a2f1e.dir/build.make CMakeFiles/cmTC_a2f1e.dir/build
make[1]: 进入目录“/home/karl/Coding/Cuda-Programming/Experiments/Exp05-k-dClosestPoints/combinedParallel/build/CMakeFiles/CMakeTmp”
Building C object CMakeFiles/cmTC_a2f1e.dir/CheckSymbolExists.c.o
/usr/bin/gcc-4.8   -fPIC    -o CMakeFiles/cmTC_a2f1e.dir/CheckSymbolExists.c.o   -c /home/karl/Coding/Cuda-Programming/Experiments/Exp05-k-dClosestPoints/combinedParallel/build/CMakeFiles/CMakeTmp/CheckSymbolExists.c
Linking C executable cmTC_a2f1e
/usr/bin/cmake -E cmake_link_script CMakeFiles/cmTC_a2f1e.dir/link.txt --verbose=1
/usr/bin/gcc-4.8 -fPIC     CMakeFiles/cmTC_a2f1e.dir/CheckSymbolExists.c.o  -o cmTC_a2f1e 
CMakeFiles/cmTC_a2f1e.dir/CheckSymbolExists.c.o：在函数‘main’中：
CheckSymbolExists.c:(.text+0x1b)：对‘pthread_create’未定义的引用
collect2: error: ld returned 1 exit status
CMakeFiles/cmTC_a2f1e.dir/build.make:97: recipe for target 'cmTC_a2f1e' failed
make[1]: *** [cmTC_a2f1e] Error 1
make[1]: 离开目录“/home/karl/Coding/Cuda-Programming/Experiments/Exp05-k-dClosestPoints/combinedParallel/build/CMakeFiles/CMakeTmp”
Makefile:126: recipe for target 'cmTC_a2f1e/fast' failed
make: *** [cmTC_a2f1e/fast] Error 2

File /home/karl/Coding/Cuda-Programming/Experiments/Exp05-k-dClosestPoints/combinedParallel/build/CMakeFiles/CMakeTmp/CheckSymbolExists.c:
/* */
#include <pthread.h>

int main(int argc, char** argv)
{
  (void)argv;
#ifndef pthread_create
  return ((int*)(&pthread_create))[argc];
#else
  (void)argc;
  return 0;
#endif
}

Determining if the function pthread_create exists in the pthreads failed with the following output:
Change Dir: /home/karl/Coding/Cuda-Programming/Experiments/Exp05-k-dClosestPoints/combinedParallel/build/CMakeFiles/CMakeTmp

Run Build Command:"/usr/bin/make" "cmTC_a8e0b/fast"
/usr/bin/make -f CMakeFiles/cmTC_a8e0b.dir/build.make CMakeFiles/cmTC_a8e0b.dir/build
make[1]: 进入目录“/home/karl/Coding/Cuda-Programming/Experiments/Exp05-k-dClosestPoints/combinedParallel/build/CMakeFiles/CMakeTmp”
Building C object CMakeFiles/cmTC_a8e0b.dir/CheckFunctionExists.c.o
/usr/bin/gcc-4.8   -fPIC -DCHECK_FUNCTION_EXISTS=pthread_create   -o CMakeFiles/cmTC_a8e0b.dir/CheckFunctionExists.c.o   -c /usr/share/cmake-3.10/Modules/CheckFunctionExists.c
Linking C executable cmTC_a8e0b
/usr/bin/cmake -E cmake_link_script CMakeFiles/cmTC_a8e0b.dir/link.txt --verbose=1
/usr/bin/gcc-4.8 -fPIC -DCHECK_FUNCTION_EXISTS=pthread_create    CMakeFiles/cmTC_a8e0b.dir/CheckFunctionExists.c.o  -o cmTC_a8e0b -lpthreads 
/usr/bin/ld: 找不到 -lpthreads
collect2: error: ld returned 1 exit status
CMakeFiles/cmTC_a8e0b.dir/build.make:97: recipe for target 'cmTC_a8e0b' failed
make[1]: *** [cmTC_a8e0b] Error 1
make[1]: 离开目录“/home/karl/Coding/Cuda-Programming/Experiments/Exp05-k-dClosestPoints/combinedParallel/build/CMakeFiles/CMakeTmp”
Makefile:126: recipe for target 'cmTC_a8e0b/fast' failed
make: *** [cmTC_a8e0b/fast] Error 2


