Determining if the pthread_create exist failed with the following output:
Change Dir: /home/karl/Coding/Cuda-Programming/Experiments/Exp05-k-dClosestPoints/referenceParallel/build/CMakeFiles/CMakeTmp

Run Build Command:"/usr/bin/make" "cmTC_f2c6f/fast"
/usr/bin/make -f CMakeFiles/cmTC_f2c6f.dir/build.make CMakeFiles/cmTC_f2c6f.dir/build
make[1]: 进入目录“/home/karl/Coding/Cuda-Programming/Experiments/Exp05-k-dClosestPoints/referenceParallel/build/CMakeFiles/CMakeTmp”
Building C object CMakeFiles/cmTC_f2c6f.dir/CheckSymbolExists.c.o
/usr/bin/gcc-4.8   -fPIC    -o CMakeFiles/cmTC_f2c6f.dir/CheckSymbolExists.c.o   -c /home/karl/Coding/Cuda-Programming/Experiments/Exp05-k-dClosestPoints/referenceParallel/build/CMakeFiles/CMakeTmp/CheckSymbolExists.c
Linking C executable cmTC_f2c6f
/usr/bin/cmake -E cmake_link_script CMakeFiles/cmTC_f2c6f.dir/link.txt --verbose=1
/usr/bin/gcc-4.8 -fPIC     CMakeFiles/cmTC_f2c6f.dir/CheckSymbolExists.c.o  -o cmTC_f2c6f 
CMakeFiles/cmTC_f2c6f.dir/CheckSymbolExists.c.o：在函数‘main’中：
CheckSymbolExists.c:(.text+0x1b)：对‘pthread_create’未定义的引用
collect2: error: ld returned 1 exit status
CMakeFiles/cmTC_f2c6f.dir/build.make:97: recipe for target 'cmTC_f2c6f' failed
make[1]: *** [cmTC_f2c6f] Error 1
make[1]: 离开目录“/home/karl/Coding/Cuda-Programming/Experiments/Exp05-k-dClosestPoints/referenceParallel/build/CMakeFiles/CMakeTmp”
Makefile:126: recipe for target 'cmTC_f2c6f/fast' failed
make: *** [cmTC_f2c6f/fast] Error 2

File /home/karl/Coding/Cuda-Programming/Experiments/Exp05-k-dClosestPoints/referenceParallel/build/CMakeFiles/CMakeTmp/CheckSymbolExists.c:
/* */
#include <pthread.h>

int main(int argc, char** argv)
{
  (void)argv;
#ifndef pthread_create
  return ((int*)(&pthread_create))[argc];
#else
  (void)argc;
  return 0;
#endif
}

Determining if the function pthread_create exists in the pthreads failed with the following output:
Change Dir: /home/karl/Coding/Cuda-Programming/Experiments/Exp05-k-dClosestPoints/referenceParallel/build/CMakeFiles/CMakeTmp

Run Build Command:"/usr/bin/make" "cmTC_7be1d/fast"
/usr/bin/make -f CMakeFiles/cmTC_7be1d.dir/build.make CMakeFiles/cmTC_7be1d.dir/build
make[1]: 进入目录“/home/karl/Coding/Cuda-Programming/Experiments/Exp05-k-dClosestPoints/referenceParallel/build/CMakeFiles/CMakeTmp”
Building C object CMakeFiles/cmTC_7be1d.dir/CheckFunctionExists.c.o
/usr/bin/gcc-4.8   -fPIC -DCHECK_FUNCTION_EXISTS=pthread_create   -o CMakeFiles/cmTC_7be1d.dir/CheckFunctionExists.c.o   -c /usr/share/cmake-3.10/Modules/CheckFunctionExists.c
Linking C executable cmTC_7be1d
/usr/bin/cmake -E cmake_link_script CMakeFiles/cmTC_7be1d.dir/link.txt --verbose=1
/usr/bin/gcc-4.8 -fPIC -DCHECK_FUNCTION_EXISTS=pthread_create    CMakeFiles/cmTC_7be1d.dir/CheckFunctionExists.c.o  -o cmTC_7be1d -lpthreads 
/usr/bin/ld: 找不到 -lpthreads
collect2: error: ld returned 1 exit status
CMakeFiles/cmTC_7be1d.dir/build.make:97: recipe for target 'cmTC_7be1d' failed
make[1]: *** [cmTC_7be1d] Error 1
make[1]: 离开目录“/home/karl/Coding/Cuda-Programming/Experiments/Exp05-k-dClosestPoints/referenceParallel/build/CMakeFiles/CMakeTmp”
Makefile:126: recipe for target 'cmTC_7be1d/fast' failed
make: *** [cmTC_7be1d/fast] Error 2


