Determining if the pthread_create exist failed with the following output:
Change Dir: /home/karl/Coding/Cuda-Programming/Experiments/Exp05-k-dClosestPoints/baseline(sequential)/build/CMakeFiles/CMakeTmp

Run Build Command:"/usr/bin/make" "cmTC_0e9ae/fast"
/usr/bin/make -f CMakeFiles/cmTC_0e9ae.dir/build.make CMakeFiles/cmTC_0e9ae.dir/build
make[1]: 进入目录“/home/karl/Coding/Cuda-Programming/Experiments/Exp05-k-dClosestPoints/baseline(sequential)/build/CMakeFiles/CMakeTmp”
Building C object CMakeFiles/cmTC_0e9ae.dir/CheckSymbolExists.c.o
/usr/bin/gcc-4.8   -fPIC    -o CMakeFiles/cmTC_0e9ae.dir/CheckSymbolExists.c.o   -c "/home/karl/Coding/Cuda-Programming/Experiments/Exp05-k-dClosestPoints/baseline(sequential)/build/CMakeFiles/CMakeTmp/CheckSymbolExists.c"
Linking C executable cmTC_0e9ae
/usr/bin/cmake -E cmake_link_script CMakeFiles/cmTC_0e9ae.dir/link.txt --verbose=1
/usr/bin/gcc-4.8 -fPIC     CMakeFiles/cmTC_0e9ae.dir/CheckSymbolExists.c.o  -o cmTC_0e9ae 
CMakeFiles/cmTC_0e9ae.dir/CheckSymbolExists.c.o：在函数‘main’中：
CheckSymbolExists.c:(.text+0x1b)：对‘pthread_create’未定义的引用
collect2: error: ld returned 1 exit status
CMakeFiles/cmTC_0e9ae.dir/build.make:97: recipe for target 'cmTC_0e9ae' failed
make[1]: *** [cmTC_0e9ae] Error 1
make[1]: 离开目录“/home/karl/Coding/Cuda-Programming/Experiments/Exp05-k-dClosestPoints/baseline(sequential)/build/CMakeFiles/CMakeTmp”
Makefile:126: recipe for target 'cmTC_0e9ae/fast' failed
make: *** [cmTC_0e9ae/fast] Error 2

File /home/karl/Coding/Cuda-Programming/Experiments/Exp05-k-dClosestPoints/baseline(sequential)/build/CMakeFiles/CMakeTmp/CheckSymbolExists.c:
/* */
#include <pthread.h>

int main(int argc, char** argv)
{
  (void)argv;
#ifndef pthread_create
  return ((int*)(&pthread_create))[argc];
#else
  (void)argc;
  return 0;
#endif
}

Determining if the function pthread_create exists in the pthreads failed with the following output:
Change Dir: /home/karl/Coding/Cuda-Programming/Experiments/Exp05-k-dClosestPoints/baseline(sequential)/build/CMakeFiles/CMakeTmp

Run Build Command:"/usr/bin/make" "cmTC_f2347/fast"
/usr/bin/make -f CMakeFiles/cmTC_f2347.dir/build.make CMakeFiles/cmTC_f2347.dir/build
make[1]: 进入目录“/home/karl/Coding/Cuda-Programming/Experiments/Exp05-k-dClosestPoints/baseline(sequential)/build/CMakeFiles/CMakeTmp”
Building C object CMakeFiles/cmTC_f2347.dir/CheckFunctionExists.c.o
/usr/bin/gcc-4.8   -fPIC -DCHECK_FUNCTION_EXISTS=pthread_create   -o CMakeFiles/cmTC_f2347.dir/CheckFunctionExists.c.o   -c /usr/share/cmake-3.10/Modules/CheckFunctionExists.c
Linking C executable cmTC_f2347
/usr/bin/cmake -E cmake_link_script CMakeFiles/cmTC_f2347.dir/link.txt --verbose=1
/usr/bin/gcc-4.8 -fPIC -DCHECK_FUNCTION_EXISTS=pthread_create    CMakeFiles/cmTC_f2347.dir/CheckFunctionExists.c.o  -o cmTC_f2347 -lpthreads 
/usr/bin/ld: 找不到 -lpthreads
collect2: error: ld returned 1 exit status
CMakeFiles/cmTC_f2347.dir/build.make:97: recipe for target 'cmTC_f2347' failed
make[1]: *** [cmTC_f2347] Error 1
make[1]: 离开目录“/home/karl/Coding/Cuda-Programming/Experiments/Exp05-k-dClosestPoints/baseline(sequential)/build/CMakeFiles/CMakeTmp”
Makefile:126: recipe for target 'cmTC_f2347/fast' failed
make: *** [cmTC_f2347/fast] Error 2


