Determining if the pthread_create exist failed with the following output:
Change Dir: /home/karl/Coding/Cuda-Programming/Experiments/Exp02-CudaHelloWorld/build/CMakeFiles/CMakeTmp

Run Build Command:"/usr/bin/make" "cmTC_5b397/fast"
/usr/bin/make -f CMakeFiles/cmTC_5b397.dir/build.make CMakeFiles/cmTC_5b397.dir/build
make[1]: 进入目录“/home/karl/Coding/Cuda-Programming/Experiments/Exp02-CudaHelloWorld/build/CMakeFiles/CMakeTmp”
Building C object CMakeFiles/cmTC_5b397.dir/CheckSymbolExists.c.o
/usr/bin/gcc-4.8   -fPIC    -o CMakeFiles/cmTC_5b397.dir/CheckSymbolExists.c.o   -c /home/karl/Coding/Cuda-Programming/Experiments/Exp02-CudaHelloWorld/build/CMakeFiles/CMakeTmp/CheckSymbolExists.c
Linking C executable cmTC_5b397
/usr/bin/cmake -E cmake_link_script CMakeFiles/cmTC_5b397.dir/link.txt --verbose=1
/usr/bin/gcc-4.8 -fPIC     CMakeFiles/cmTC_5b397.dir/CheckSymbolExists.c.o  -o cmTC_5b397 
CMakeFiles/cmTC_5b397.dir/CheckSymbolExists.c.o：在函数‘main’中：
CheckSymbolExists.c:(.text+0x1b)：对‘pthread_create’未定义的引用
collect2: error: ld returned 1 exit status
CMakeFiles/cmTC_5b397.dir/build.make:97: recipe for target 'cmTC_5b397' failed
make[1]: *** [cmTC_5b397] Error 1
make[1]: 离开目录“/home/karl/Coding/Cuda-Programming/Experiments/Exp02-CudaHelloWorld/build/CMakeFiles/CMakeTmp”
Makefile:126: recipe for target 'cmTC_5b397/fast' failed
make: *** [cmTC_5b397/fast] Error 2

File /home/karl/Coding/Cuda-Programming/Experiments/Exp02-CudaHelloWorld/build/CMakeFiles/CMakeTmp/CheckSymbolExists.c:
/* */
#include <pthread.h>

int main(int argc, char** argv)
{
  (void)argv;
#ifndef pthread_create
  return ((int*)(&pthread_create))[argc];
#else
  (void)argc;
  return 0;
#endif
}

Determining if the function pthread_create exists in the pthreads failed with the following output:
Change Dir: /home/karl/Coding/Cuda-Programming/Experiments/Exp02-CudaHelloWorld/build/CMakeFiles/CMakeTmp

Run Build Command:"/usr/bin/make" "cmTC_e61ab/fast"
/usr/bin/make -f CMakeFiles/cmTC_e61ab.dir/build.make CMakeFiles/cmTC_e61ab.dir/build
make[1]: 进入目录“/home/karl/Coding/Cuda-Programming/Experiments/Exp02-CudaHelloWorld/build/CMakeFiles/CMakeTmp”
Building C object CMakeFiles/cmTC_e61ab.dir/CheckFunctionExists.c.o
/usr/bin/gcc-4.8   -fPIC -DCHECK_FUNCTION_EXISTS=pthread_create   -o CMakeFiles/cmTC_e61ab.dir/CheckFunctionExists.c.o   -c /usr/share/cmake-3.10/Modules/CheckFunctionExists.c
Linking C executable cmTC_e61ab
/usr/bin/cmake -E cmake_link_script CMakeFiles/cmTC_e61ab.dir/link.txt --verbose=1
/usr/bin/gcc-4.8 -fPIC -DCHECK_FUNCTION_EXISTS=pthread_create    CMakeFiles/cmTC_e61ab.dir/CheckFunctionExists.c.o  -o cmTC_e61ab -lpthreads 
/usr/bin/ld: 找不到 -lpthreads
collect2: error: ld returned 1 exit status
CMakeFiles/cmTC_e61ab.dir/build.make:97: recipe for target 'cmTC_e61ab' failed
make[1]: *** [cmTC_e61ab] Error 1
make[1]: 离开目录“/home/karl/Coding/Cuda-Programming/Experiments/Exp02-CudaHelloWorld/build/CMakeFiles/CMakeTmp”
Makefile:126: recipe for target 'cmTC_e61ab/fast' failed
make: *** [cmTC_e61ab/fast] Error 2


