Determining if the pthread_create exist failed with the following output:
Change Dir: /home/karl/Coding/Cuda-Programming/Experiments/Exp05-k-dClosestPoints/dynamicParallel/build/CMakeFiles/CMakeTmp

Run Build Command:"/usr/bin/make" "cmTC_cb0ac/fast"
/usr/bin/make -f CMakeFiles/cmTC_cb0ac.dir/build.make CMakeFiles/cmTC_cb0ac.dir/build
make[1]: 进入目录“/home/karl/Coding/Cuda-Programming/Experiments/Exp05-k-dClosestPoints/dynamicParallel/build/CMakeFiles/CMakeTmp”
Building C object CMakeFiles/cmTC_cb0ac.dir/CheckSymbolExists.c.o
/usr/bin/gcc-4.8   -fPIC    -o CMakeFiles/cmTC_cb0ac.dir/CheckSymbolExists.c.o   -c /home/karl/Coding/Cuda-Programming/Experiments/Exp05-k-dClosestPoints/dynamicParallel/build/CMakeFiles/CMakeTmp/CheckSymbolExists.c
Linking C executable cmTC_cb0ac
/usr/bin/cmake -E cmake_link_script CMakeFiles/cmTC_cb0ac.dir/link.txt --verbose=1
/usr/bin/gcc-4.8 -fPIC     CMakeFiles/cmTC_cb0ac.dir/CheckSymbolExists.c.o  -o cmTC_cb0ac 
CMakeFiles/cmTC_cb0ac.dir/CheckSymbolExists.c.o：在函数‘main’中：
CheckSymbolExists.c:(.text+0x1b)：对‘pthread_create’未定义的引用
collect2: error: ld returned 1 exit status
CMakeFiles/cmTC_cb0ac.dir/build.make:97: recipe for target 'cmTC_cb0ac' failed
make[1]: *** [cmTC_cb0ac] Error 1
make[1]: 离开目录“/home/karl/Coding/Cuda-Programming/Experiments/Exp05-k-dClosestPoints/dynamicParallel/build/CMakeFiles/CMakeTmp”
Makefile:126: recipe for target 'cmTC_cb0ac/fast' failed
make: *** [cmTC_cb0ac/fast] Error 2

File /home/karl/Coding/Cuda-Programming/Experiments/Exp05-k-dClosestPoints/dynamicParallel/build/CMakeFiles/CMakeTmp/CheckSymbolExists.c:
/* */
#include <pthread.h>

int main(int argc, char** argv)
{
  (void)argv;
#ifndef pthread_create
  return ((int*)(&pthread_create))[argc];
#else
  (void)argc;
  return 0;
#endif
}

Determining if the function pthread_create exists in the pthreads failed with the following output:
Change Dir: /home/karl/Coding/Cuda-Programming/Experiments/Exp05-k-dClosestPoints/dynamicParallel/build/CMakeFiles/CMakeTmp

Run Build Command:"/usr/bin/make" "cmTC_57e6a/fast"
/usr/bin/make -f CMakeFiles/cmTC_57e6a.dir/build.make CMakeFiles/cmTC_57e6a.dir/build
make[1]: 进入目录“/home/karl/Coding/Cuda-Programming/Experiments/Exp05-k-dClosestPoints/dynamicParallel/build/CMakeFiles/CMakeTmp”
Building C object CMakeFiles/cmTC_57e6a.dir/CheckFunctionExists.c.o
/usr/bin/gcc-4.8   -fPIC -DCHECK_FUNCTION_EXISTS=pthread_create   -o CMakeFiles/cmTC_57e6a.dir/CheckFunctionExists.c.o   -c /usr/share/cmake-3.10/Modules/CheckFunctionExists.c
Linking C executable cmTC_57e6a
/usr/bin/cmake -E cmake_link_script CMakeFiles/cmTC_57e6a.dir/link.txt --verbose=1
/usr/bin/gcc-4.8 -fPIC -DCHECK_FUNCTION_EXISTS=pthread_create    CMakeFiles/cmTC_57e6a.dir/CheckFunctionExists.c.o  -o cmTC_57e6a -lpthreads 
/usr/bin/ld: 找不到 -lpthreads
collect2: error: ld returned 1 exit status
CMakeFiles/cmTC_57e6a.dir/build.make:97: recipe for target 'cmTC_57e6a' failed
make[1]: *** [cmTC_57e6a] Error 1
make[1]: 离开目录“/home/karl/Coding/Cuda-Programming/Experiments/Exp05-k-dClosestPoints/dynamicParallel/build/CMakeFiles/CMakeTmp”
Makefile:126: recipe for target 'cmTC_57e6a/fast' failed
make: *** [cmTC_57e6a/fast] Error 2


